<?xml version="1.0" encoding="UTF-8"?>
<!-- Generated by org.testng.reporters.JUnitReportReporter -->
<testsuite hostname="LAPTOP-JND42R7F" failures="0" tests="2" name="TestClasspackage.TC_Homepage" time="7.593" errors="0" timestamp="2024-11-14T19:45:04 IST" skipped="0">
  <testcase classname="TestClasspackage.TC_Homepage" name="VerifyUI" time="5.998"/>
  <system-out/>
  <testcase classname="TestClasspackage.TC_Homepage" name="Homepage" time="1.595"/>
  <system-out/>
</testsuite> <!-- TestClasspackage.TC_Homepage -->
