<?xml version="1.0" encoding="UTF-8"?>
<!-- Generated by org.testng.reporters.JUnitReportReporter -->
<testsuite hostname="LAPTOP-JND42R7F" failures="0" tests="2" name="TestClasspackage.TC_Hrmlogin" time="27.302" errors="0" timestamp="2025-03-27T17:57:33 IST" skipped="0">
  <testcase classname="TestClasspackage.TC_Hrmlogin" name="VerifyUI" time="14.817"/>
  <system-out/>
  <testcase classname="TestClasspackage.TC_Hrmlogin" name="Homepage" time="12.485"/>
  <system-out/>
</testsuite> <!-- TestClasspackage.TC_Hrmlogin -->
