<?xml version="1.0" encoding="UTF-8"?>
<!-- Generated by org.testng.reporters.JUnitReportReporter -->
<testsuite hostname="LAPTOP-JND42R7F" failures="0" tests="3" name="TestClasspackage.TC_loginPage" time="2.733" errors="0" timestamp="2024-08-14T15:16:31 IST" skipped="0">
  <testcase classname="TestClasspackage.TC_loginPage" name="verify_validlogin" time="1.914"/>
  <system-out/>
  <testcase classname="TestClasspackage.TC_loginPage" name="verify_lockedLogin" time="0.401"/>
  <system-out/>
  <testcase classname="TestClasspackage.TC_loginPage" name="verify_problemUser" time="0.418"/>
  <system-out/>
</testsuite> <!-- TestClasspackage.TC_loginPage -->
