<?xml version="1.0" encoding="UTF-8"?>
<!-- Generated by org.testng.reporters.JUnitReportReporter -->
<testsuite hostname="LAPTOP-JND42R7F" failures="0" tests="2" name="TestClasspackage.TC_Admin" time="32.795" errors="0" timestamp="2025-03-27T17:44:10 IST" skipped="0">
  <testcase classname="TestClasspackage.TC_Admin" name="Homepage" time="17.699"/>
  <system-out/>
  <testcase classname="TestClasspackage.TC_Admin" name="Search" time="15.096"/>
  <system-out/>
</testsuite> <!-- TestClasspackage.TC_Admin -->
